Logfile initialized
[INFO] logfile = /home/users/ajaikumark/Titanium_Studio_Workspace/Love Calculator/build.log
[DEBUG] /home/users/ajaikumark/.titanium/mobilesdk/linux/2.1.3.GA/android/builder.py simulator Love Calculator /home/users/ajaikumark/Downloads/android-sdk-linux /home/users/ajaikumark/Titanium_Studio_Workspace/Love Calculator com.myscribles.lovecalculator 2 WVGA854 
[INFO] Building Love Calculator for Android ... one moment
[INFO] Titanium SDK version: 2.1.3 (10/02/12 16:16 15997d0)
[DEBUG] Waiting for device to be ready ...
[TRACE] adb devices returned 1 devices/emulators
[TRACE] adb devices returned 1 devices/emulators
[DEBUG] Device connected... (waited 5 seconds)
[DEBUG] waited 5.045136 seconds on emulator to get ready
[INFO] Waiting for the Android Emulator to become available
[DEBUG] com.myscribles.lovecalculator installed? True
[INFO] Fastdev server running, deploying in Fastdev mode
[INFO] Copying CommonJS modules...
[INFO] Copying project resources..
[INFO] Detected change in tiapp.xml, or assets deleted. Forcing full re-build...
[TRACE] COPYING CREATED FILE: /home/users/ajaikumark/Titanium_Studio_Workspace/Love Calculator/Resources/android/default.jpg => /home/users/ajaikumark/Titanium_Studio_Workspace/Love Calculator/build/android/bin/assets/Resources/default.jpg
[TRACE] COPYING CREATED FILE: /home/users/ajaikumark/Titanium_Studio_Workspace/Love Calculator/Resources/android/appicon.png => /home/users/ajaikumark/Titanium_Studio_Workspace/Love Calculator/build/android/bin/assets/Resources/appicon.png
[TRACE] COPYING CREATED FILE: /home/users/ajaikumark/Titanium_Studio_Workspace/Love Calculator/Resources/android/couples.jpg => /home/users/ajaikumark/Titanium_Studio_Workspace/Love Calculator/build/android/bin/assets/Resources/couples.jpg
[TRACE] COPYING CREATED FILE: /home/users/ajaikumark/Titanium_Studio_Workspace/Love Calculator/Resources/android/heart.png => /home/users/ajaikumark/Titanium_Studio_Workspace/Love Calculator/build/android/bin/assets/Resources/heart.png
[TRACE] COPYING CREATED FILE: /home/users/ajaikumark/Titanium_Studio_Workspace/Love Calculator/Resources/android/love.jpg => /home/users/ajaikumark/Titanium_Studio_Workspace/Love Calculator/build/android/bin/assets/Resources/love.jpg
[TRACE] COPYING CREATED FILE: /home/users/ajaikumark/Titanium_Studio_Workspace/Love Calculator/Resources/android/default.png => /home/users/ajaikumark/Titanium_Studio_Workspace/Love Calculator/build/android/bin/assets/Resources/default.png
[TRACE] COPYING CREATED FILE: /home/users/ajaikumark/Titanium_Studio_Workspace/Love Calculator/Resources/KS_nav_ui.png => /home/users/ajaikumark/Titanium_Studio_Workspace/Love Calculator/build/android/bin/assets/Resources/KS_nav_ui.png
[TRACE] COPYING CREATED FILE: /home/users/ajaikumark/Titanium_Studio_Workspace/Love Calculator/Resources/KS_nav_views.png => /home/users/ajaikumark/Titanium_Studio_Workspace/Love Calculator/build/android/bin/assets/Resources/KS_nav_views.png
[TRACE] COPYING CREATED FILE: /home/users/ajaikumark/Titanium_Studio_Workspace/Love Calculator/Resources/app.js => /home/users/ajaikumark/Titanium_Studio_Workspace/Love Calculator/build/android/bin/assets/Resources/app.js
[TRACE] Generating Java Classes
[DEBUG] Processing Android resource drawables
[TRACE] COPYING FILE: /home/users/ajaikumark/Titanium_Studio_Workspace/Love Calculator/Resources/android/images/res-notlong-port-hdpi/default.png => /home/users/ajaikumark/Titanium_Studio_Workspace/Love Calculator/build/android/res/drawable-notlong-port-hdpi/default_d44e27d97b.png
[TRACE] COPYING FILE: /home/users/ajaikumark/Titanium_Studio_Workspace/Love Calculator/Resources/android/images/res-notlong-port-ldpi/default.png => /home/users/ajaikumark/Titanium_Studio_Workspace/Love Calculator/build/android/res/drawable-notlong-port-ldpi/default_d44e27d97b.png
[TRACE] COPYING FILE: /home/users/ajaikumark/Titanium_Studio_Workspace/Love Calculator/Resources/android/images/res-long-port-hdpi/default.png => /home/users/ajaikumark/Titanium_Studio_Workspace/Love Calculator/build/android/res/drawable-long-port-hdpi/default_d44e27d97b.png
[TRACE] COPYING FILE: /home/users/ajaikumark/Titanium_Studio_Workspace/Love Calculator/Resources/android/images/res-long-land-ldpi/default.png => /home/users/ajaikumark/Titanium_Studio_Workspace/Love Calculator/build/android/res/drawable-long-land-ldpi/default_d44e27d97b.png
[TRACE] COPYING FILE: /home/users/ajaikumark/Titanium_Studio_Workspace/Love Calculator/Resources/android/images/res-notlong-land-mdpi/default.png => /home/users/ajaikumark/Titanium_Studio_Workspace/Love Calculator/build/android/res/drawable-notlong-land-mdpi/default_d44e27d97b.png
[TRACE] COPYING FILE: /home/users/ajaikumark/Titanium_Studio_Workspace/Love Calculator/Resources/android/images/res-long-port-ldpi/default.png => /home/users/ajaikumark/Titanium_Studio_Workspace/Love Calculator/build/android/res/drawable-long-port-ldpi/default_d44e27d97b.png
[TRACE] COPYING FILE: /home/users/ajaikumark/Titanium_Studio_Workspace/Love Calculator/Resources/android/images/res-long-land-hdpi/default.png => /home/users/ajaikumark/Titanium_Studio_Workspace/Love Calculator/build/android/res/drawable-long-land-hdpi/default_d44e27d97b.png
[TRACE] COPYING FILE: /home/users/ajaikumark/Titanium_Studio_Workspace/Love Calculator/Resources/android/images/res-notlong-land-ldpi/default.png => /home/users/ajaikumark/Titanium_Studio_Workspace/Love Calculator/build/android/res/drawable-notlong-land-ldpi/default_d44e27d97b.png
[TRACE] COPYING FILE: /home/users/ajaikumark/Titanium_Studio_Workspace/Love Calculator/Resources/android/images/res-notlong-land-hdpi/default.png => /home/users/ajaikumark/Titanium_Studio_Workspace/Love Calculator/build/android/res/drawable-notlong-land-hdpi/default_d44e27d97b.png
[TRACE] COPYING FILE: /home/users/ajaikumark/Titanium_Studio_Workspace/Love Calculator/Resources/android/images/res-notlong-port-mdpi/default.png => /home/users/ajaikumark/Titanium_Studio_Workspace/Love Calculator/build/android/res/drawable-notlong-port-mdpi/default_d44e27d97b.png
[DEBUG] app stylesheet => /home/users/ajaikumark/Titanium_Studio_Workspace/Love Calculator/build/android/gen/com/myscribles/lovecalculator/ApplicationStylesheet.java
[DEBUG] copying app icon: /home/users/ajaikumark/Titanium_Studio_Workspace/Love Calculator/build/android/bin/assets/Resources/appicon.png
[DEBUG] generating theme.xml
[DEBUG] found drawable-notlong-port-hdpi splash screen at /home/users/ajaikumark/Titanium_Studio_Workspace/Love Calculator/Resources/android/images/res-notlong-port-hdpi/default.png
[DEBUG] copying /home/users/ajaikumark/Titanium_Studio_Workspace/Love Calculator/Resources/android/images/res-notlong-port-hdpi/default.png splash screen to /home/users/ajaikumark/Titanium_Studio_Workspace/Love Calculator/build/android/res/drawable-notlong-port-hdpi/background.png
[DEBUG] found drawable-notlong-port-ldpi splash screen at /home/users/ajaikumark/Titanium_Studio_Workspace/Love Calculator/Resources/android/images/res-notlong-port-ldpi/default.png
[DEBUG] copying /home/users/ajaikumark/Titanium_Studio_Workspace/Love Calculator/Resources/android/images/res-notlong-port-ldpi/default.png splash screen to /home/users/ajaikumark/Titanium_Studio_Workspace/Love Calculator/build/android/res/drawable-notlong-port-ldpi/background.png
[DEBUG] found drawable-long-port-hdpi splash screen at /home/users/ajaikumark/Titanium_Studio_Workspace/Love Calculator/Resources/android/images/res-long-port-hdpi/default.png
[DEBUG] copying /home/users/ajaikumark/Titanium_Studio_Workspace/Love Calculator/Resources/android/images/res-long-port-hdpi/default.png splash screen to /home/users/ajaikumark/Titanium_Studio_Workspace/Love Calculator/build/android/res/drawable-long-port-hdpi/background.png
[DEBUG] found drawable-long-land-ldpi splash screen at /home/users/ajaikumark/Titanium_Studio_Workspace/Love Calculator/Resources/android/images/res-long-land-ldpi/default.png
[DEBUG] copying /home/users/ajaikumark/Titanium_Studio_Workspace/Love Calculator/Resources/android/images/res-long-land-ldpi/default.png splash screen to /home/users/ajaikumark/Titanium_Studio_Workspace/Love Calculator/build/android/res/drawable-long-land-ldpi/background.png
[DEBUG] found drawable-notlong-land-mdpi splash screen at /home/users/ajaikumark/Titanium_Studio_Workspace/Love Calculator/Resources/android/images/res-notlong-land-mdpi/default.png
[DEBUG] copying /home/users/ajaikumark/Titanium_Studio_Workspace/Love Calculator/Resources/android/images/res-notlong-land-mdpi/default.png splash screen to /home/users/ajaikumark/Titanium_Studio_Workspace/Love Calculator/build/android/res/drawable-notlong-land-mdpi/background.png
[DEBUG] found drawable-long-port-ldpi splash screen at /home/users/ajaikumark/Titanium_Studio_Workspace/Love Calculator/Resources/android/images/res-long-port-ldpi/default.png
[DEBUG] copying /home/users/ajaikumark/Titanium_Studio_Workspace/Love Calculator/Resources/android/images/res-long-port-ldpi/default.png splash screen to /home/users/ajaikumark/Titanium_Studio_Workspace/Love Calculator/build/android/res/drawable-long-port-ldpi/background.png
[DEBUG] found drawable-long-land-hdpi splash screen at /home/users/ajaikumark/Titanium_Studio_Workspace/Love Calculator/Resources/android/images/res-long-land-hdpi/default.png
[DEBUG] copying /home/users/ajaikumark/Titanium_Studio_Workspace/Love Calculator/Resources/android/images/res-long-land-hdpi/default.png splash screen to /home/users/ajaikumark/Titanium_Studio_Workspace/Love Calculator/build/android/res/drawable-long-land-hdpi/background.png
[DEBUG] found drawable-notlong-land-ldpi splash screen at /home/users/ajaikumark/Titanium_Studio_Workspace/Love Calculator/Resources/android/images/res-notlong-land-ldpi/default.png
[DEBUG] copying /home/users/ajaikumark/Titanium_Studio_Workspace/Love Calculator/Resources/android/images/res-notlong-land-ldpi/default.png splash screen to /home/users/ajaikumark/Titanium_Studio_Workspace/Love Calculator/build/android/res/drawable-notlong-land-ldpi/background.png
[DEBUG] found drawable-notlong-land-hdpi splash screen at /home/users/ajaikumark/Titanium_Studio_Workspace/Love Calculator/Resources/android/images/res-notlong-land-hdpi/default.png
[DEBUG] copying /home/users/ajaikumark/Titanium_Studio_Workspace/Love Calculator/Resources/android/images/res-notlong-land-hdpi/default.png splash screen to /home/users/ajaikumark/Titanium_Studio_Workspace/Love Calculator/build/android/res/drawable-notlong-land-hdpi/background.png
[DEBUG] found drawable-notlong-port-mdpi splash screen at /home/users/ajaikumark/Titanium_Studio_Workspace/Love Calculator/Resources/android/images/res-notlong-port-mdpi/default.png
[DEBUG] copying /home/users/ajaikumark/Titanium_Studio_Workspace/Love Calculator/Resources/android/images/res-notlong-port-mdpi/default.png splash screen to /home/users/ajaikumark/Titanium_Studio_Workspace/Love Calculator/build/android/res/drawable-notlong-port-mdpi/background.png
[DEBUG] found splash screen at /home/users/ajaikumark/Titanium_Studio_Workspace/Love Calculator/build/android/bin/assets/Resources/default.png
[TRACE] Writing out AndroidManifest.xml
[DEBUG] adding /home/users/ajaikumark/Titanium_Studio_Workspace/Love Calculator/build/android/gen/com/myscribles/lovecalculator/LoveCalculatorAppInfo.java to javac build list
[DEBUG] adding /home/users/ajaikumark/Titanium_Studio_Workspace/Love Calculator/build/android/gen/com/myscribles/lovecalculator/LoveCalculatorApplication.java to javac build list
[DEBUG] adding /home/users/ajaikumark/Titanium_Studio_Workspace/Love Calculator/build/android/gen/com/myscribles/lovecalculator/LoveCalculatorActivity.java to javac build list
[DEBUG] adding /home/users/ajaikumark/Titanium_Studio_Workspace/Love Calculator/build/android/gen/com/myscribles/lovecalculator/ApplicationStylesheet.java to javac build list
[DEBUG] adding /home/users/ajaikumark/Titanium_Studio_Workspace/Love Calculator/build/android/gen/com/myscribles/lovecalculator/R.java to javac build list
[DEBUG] Building Java Sources: "/home/users/ajaikumark/Titanium_Studio_Workspace/Love Calculator/build/android/gen/com/myscribles/lovecalculator/LoveCalculatorAppInfo.java" "/home/users/ajaikumark/Titanium_Studio_Workspace/Love Calculator/build/android/gen/com/myscribles/lovecalculator/LoveCalculatorApplication.java" "/home/users/ajaikumark/Titanium_Studio_Workspace/Love Calculator/build/android/gen/com/myscribles/lovecalculator/LoveCalculatorActivity.java" "/home/users/ajaikumark/Titanium_Studio_Workspace/Love Calculator/build/android/gen/com/myscribles/lovecalculator/ApplicationStylesheet.java" "/home/users/ajaikumark/Titanium_Studio_Workspace/Love Calculator/build/android/gen/com/myscribles/lovecalculator/R.java"
[INFO] Waiting for SDCard to become available..
[INFO] Compiling Android Resources... This could take some time
[DEBUG] Android classes.dex built
[DEBUG] creating unsigned apk: /home/users/ajaikumark/Titanium_Studio_Workspace/Love Calculator/build/android/bin/app-unsigned.apk
[DEBUG] from resource zip => assets/Resources/KS_nav_ui.png
[DEBUG] from resource zip => assets/Resources/KS_nav_views.png
[DEBUG] from resource zip => assets/Resources/app.js
[DEBUG] from resource zip => assets/Resources/appicon.png
[DEBUG] from resource zip => assets/Resources/couples.jpg
[DEBUG] from resource zip => assets/Resources/default.jpg
[DEBUG] from resource zip => assets/Resources/default.png
[DEBUG] from resource zip => assets/Resources/heart.png
[DEBUG] from resource zip => assets/Resources/love.jpg
[DEBUG] from resource zip => assets/Resources/ti.cloud.js
[DEBUG] from resource zip => assets/app.json
[DEBUG] from resource zip => assets/index.json
[DEBUG] from resource zip => assets/tiapp.xml
[DEBUG] from resource zip => res/drawable/appicon.png
[DEBUG] from resource zip => res/drawable/background.png
[DEBUG] from resource zip => res/drawable/close.png
[DEBUG] from resource zip => res/drawable/facebook_login.png
[DEBUG] from resource zip => res/drawable/facebook_login_down.png
[DEBUG] from resource zip => res/drawable/facebook_login_wide.png
[DEBUG] from resource zip => res/drawable/facebook_login_wide_down.png
[DEBUG] from resource zip => res/drawable/facebook_logout.png
[DEBUG] from resource zip => res/drawable/facebook_logout_down.png
[DEBUG] from resource zip => res/layout/titanium_tabgroup.xml
[DEBUG] from resource zip => AndroidManifest.xml
[DEBUG] from resource zip => resources.arsc
[DEBUG] from resource zip => res/drawable-hdpi/close.png
[DEBUG] from resource zip => res/drawable-ldpi/close.png
[DEBUG] from resource zip => res/drawable-long-land-hdpi/background.png
[DEBUG] from resource zip => res/drawable-long-land-hdpi/default_d44e27d97b.png
[DEBUG] from resource zip => res/drawable-long-land-ldpi/background.png
[DEBUG] from resource zip => res/drawable-long-land-ldpi/default_d44e27d97b.png
[DEBUG] from resource zip => res/drawable-long-port-hdpi/background.png
[DEBUG] from resource zip => res/drawable-long-port-hdpi/default_d44e27d97b.png
[DEBUG] from resource zip => res/drawable-long-port-ldpi/background.png
[DEBUG] from resource zip => res/drawable-long-port-ldpi/default_d44e27d97b.png
[DEBUG] from resource zip => res/drawable-notlong-land-hdpi/background.png
[DEBUG] from resource zip => res/drawable-notlong-land-hdpi/default_d44e27d97b.png
[DEBUG] from resource zip => res/drawable-notlong-land-ldpi/background.png
[DEBUG] from resource zip => res/drawable-notlong-land-ldpi/default_d44e27d97b.png
[DEBUG] from resource zip => res/drawable-notlong-land-mdpi/background.png
[DEBUG] from resource zip => res/drawable-notlong-land-mdpi/default_d44e27d97b.png
[DEBUG] from resource zip => res/drawable-notlong-port-hdpi/background.png
[DEBUG] from resource zip => res/drawable-notlong-port-hdpi/default_d44e27d97b.png
[DEBUG] from resource zip => res/drawable-notlong-port-ldpi/background.png
[DEBUG] from resource zip => res/drawable-notlong-port-ldpi/default_d44e27d97b.png
[DEBUG] from resource zip => res/drawable-notlong-port-mdpi/background.png
[DEBUG] from resource zip => res/drawable-notlong-port-mdpi/default_d44e27d97b.png
[DEBUG] from JAR /home/users/ajaikumark/.titanium/mobilesdk/linux/2.1.3.GA/android/thirdparty.jar => org/apache/Commons-NOTICE.txt
[DEBUG] from JAR /home/users/ajaikumark/.titanium/mobilesdk/linux/2.1.3.GA/android/thirdparty.jar => org/apache/HttpComponents-NOTICE.txt
[DEBUG] from JAR /home/users/ajaikumark/.titanium/mobilesdk/linux/2.1.3.GA/android/thirdparty.jar => org/apache/mime4j-NOTICE.txt
[DEBUG] from JAR /home/users/ajaikumark/.titanium/mobilesdk/linux/2.1.3.GA/android/titanium.jar => org/appcelerator/titanium/build.properties
[DEBUG] from JAR /home/users/ajaikumark/.titanium/mobilesdk/linux/2.1.3.GA/android/titanium.jar => org/appcelerator/titanium/res/drawable/background.png
[DEBUG] from JAR /home/users/ajaikumark/.titanium/mobilesdk/linux/2.1.3.GA/android/titanium.jar => org/appcelerator/titanium/res/drawable/btn_check_buttonless_on.png
[DEBUG] from JAR /home/users/ajaikumark/.titanium/mobilesdk/linux/2.1.3.GA/android/titanium.jar => org/appcelerator/titanium/res/drawable/btn_check_buttonless_on_18.png
[DEBUG] from JAR /home/users/ajaikumark/.titanium/mobilesdk/linux/2.1.3.GA/android/titanium.jar => org/appcelerator/titanium/res/drawable/btn_check_buttonless_on_48.png
[DEBUG] from JAR /home/users/ajaikumark/.titanium/mobilesdk/linux/2.1.3.GA/android/titanium.jar => org/appcelerator/titanium/res/drawable/btn_more.png
[DEBUG] from JAR /home/users/ajaikumark/.titanium/mobilesdk/linux/2.1.3.GA/android/titanium.jar => org/appcelerator/titanium/res/drawable/btn_more_18.png
[DEBUG] from JAR /home/users/ajaikumark/.titanium/mobilesdk/linux/2.1.3.GA/android/titanium.jar => org/appcelerator/titanium/res/drawable/btn_more_48.png
[DEBUG] from JAR /home/users/ajaikumark/.titanium/mobilesdk/linux/2.1.3.GA/android/titanium.jar => org/appcelerator/titanium/res/drawable/btn_picker_normal.9.png
[DEBUG] from JAR /home/users/ajaikumark/.titanium/mobilesdk/linux/2.1.3.GA/android/titanium.jar => org/appcelerator/titanium/res/drawable/btn_picker_pressed.9.png
[DEBUG] from JAR /home/users/ajaikumark/.titanium/mobilesdk/linux/2.1.3.GA/android/titanium.jar => org/appcelerator/titanium/res/drawable/btn_picker_selected.9.png
[DEBUG] from JAR /home/users/ajaikumark/.titanium/mobilesdk/linux/2.1.3.GA/android/titanium.jar => org/appcelerator/titanium/res/drawable/default_icon.png
[DEBUG] from JAR /home/users/ajaikumark/.titanium/mobilesdk/linux/2.1.3.GA/android/titanium.jar => org/appcelerator/titanium/res/drawable/photoDefault.png
[DEBUG] from JAR /home/users/ajaikumark/.titanium/mobilesdk/linux/2.1.3.GA/android/modules/titanium-facebook.jar => ti/modules/titanium/facebook/LICENSE
[DEBUG] from JAR /home/users/ajaikumark/.titanium/mobilesdk/linux/2.1.3.GA/android/modules/titanium-ui.jar => ti/modules/titanium/ui/widget/webview/binding.js
[DEBUG] from JAR /home/users/ajaikumark/.titanium/mobilesdk/linux/2.1.3.GA/android/modules/titanium-ui.jar => ti/modules/titanium/ui/widget/webview/binding.min.js
[DEBUG] from JAR /home/users/ajaikumark/.titanium/mobilesdk/linux/2.1.3.GA/android/modules/titanium-ui.jar => ti/modules/titanium/ui/widget/webview/json2.js
[DEBUG] from JAR /home/users/ajaikumark/.titanium/mobilesdk/linux/2.1.3.GA/android/modules/titanium-ui.jar => ti/modules/titanium/ui/widget/webview/polling.js
[DEBUG] from JAR /home/users/ajaikumark/.titanium/mobilesdk/linux/2.1.3.GA/android/modules/titanium-ui.jar => ti/modules/titanium/ui/widget/webview/polling.min.js
[DEBUG] installing native SDK libs
[DEBUG] Waiting for device to be ready ...
[TRACE] adb devices returned 1 devices/emulators
[DEBUG] Device connected... (waited 0 seconds)
[DEBUG] waited 0.034220 seconds on emulator to get ready
[INFO] Installing application on emulator
[INFO] Launching application ... Love Calculator
[TRACE] Launch output: Starting: Intent { act=android.intent.action.MAIN cat=[android.intent.category.LAUNCHER] flg=0x10200000 cmp=com.myscribles.lovecalculator/.LoveCalculatorActivity }

[INFO] Deployed Love Calculator ... Application should be running.
[DEBUG] signal caught: 15
[DEBUG] calling emulator kill on 20333
